Tue Nov 15 08:30:45 EST 2016: MGI_OMIM.py
Tue Nov 15 08:31:43 EST 2016: MGI_DO.py
Tue Nov 15 08:32:22 EST 2016: MGI_GenePheno.py
Tue Nov 15 08:32:57 EST 2016: End nightly QC reports
Tue Nov 22 14:31:06 EST 2016: MGI_OMIM.py
Tue Nov 22 14:32:15 EST 2016: MGI_DO.py
Tue Nov 22 14:32:54 EST 2016: MGI_GenePheno.py
Tue Nov 22 14:33:33 EST 2016: End nightly QC reports
Wed Nov 30 07:48:17 EST 2016: MGI_OMIM.py
Wed Nov 30 07:49:22 EST 2016: MGI_DO.py
Wed Nov 30 07:50:02 EST 2016: MGI_GenePheno.py
Wed Nov 30 07:50:39 EST 2016: End nightly QC reports
Mon Dec 5 08:44:22 EST 2016: MGI_OMIM.py
Mon Dec 5 08:45:49 EST 2016: MGI_DO.py
Mon Dec 5 08:46:31 EST 2016: MGI_GenePheno.py
Mon Dec 5 08:47:22 EST 2016: End nightly QC reports
Wed Dec 7 08:38:27 EST 2016: MGI_OMIM.py
Wed Dec 7 08:39:38 EST 2016: MGI_DO.py
Wed Dec 7 08:40:25 EST 2016: MGI_GenePheno.py
Wed Dec 7 08:41:11 EST 2016: End nightly QC reports
Mon Dec 12 10:02:22 EST 2016: MGI_OMIM.py
Mon Dec 12 10:05:06 EST 2016: MGI_DO.py
Mon Dec 12 10:06:21 EST 2016: MGI_GenePheno.py
Mon Dec 12 10:10:15 EST 2016: End nightly QC reports
Thu Dec 15 10:19:35 EST 2016: MGI_OMIM.py
Thu Dec 15 10:21:41 EST 2016: MGI_DO.py
Thu Dec 15 10:22:23 EST 2016: MGI_GenePheno.py
Thu Dec 15 10:23:46 EST 2016: End nightly QC reports
